<?xml version="1.0" encoding="UTF-8"?>
<!-- Generated by org.testng.reporters.JUnitReportReporter -->
<testsuite skipped="0" hostname="VIKRANT" name="testCases.ExecuteTest" tests="1" failures="0" timestamp="25 Feb 2018 07:23:27 GMT" time="38.078" errors="0">
  <testcase name="testLogin" time="38.078" classname="testCases.ExecuteTest"/>
</testsuite> <!-- testCases.ExecuteTest -->
